<?xml version="1.0" encoding="UTF-8"?>
<!-- Generated by org.testng.reporters.JUnitReportReporter -->
<testsuite hostname="DESKTOP-A0BPQKA" failures="0" tests="3" name="parkIndustriesOutSystems.testCases.TC_LoginOutSystems_001" time="28.864" errors="0" timestamp="2021-09-08T23:02:13 FJT" skipped="0">
  <testcase classname="parkIndustriesOutSystems.testCases.TC_LoginOutSystems_001" name="loginPage" time="18.073"/>
  <system-out/>
  <testcase classname="parkIndustriesOutSystems.testCases.TC_LoginOutSystems_001" name="hrPage" time="3.664"/>
  <system-out/>
  <testcase classname="parkIndustriesOutSystems.testCases.TC_LoginOutSystems_001" name="logoutPage" time="7.127"/>
  <system-out/>
</testsuite> <!-- parkIndustriesOutSystems.testCases.TC_LoginOutSystems_001 -->
