<?xml version="1.0" encoding="UTF-8"?>
<!-- Generated by org.testng.reporters.JUnitReportReporter -->
<testsuite hostname="DESKTOP-A0BPQKA" failures="0" tests="22" name="parkIndustriesOutSystems.testCases.TC_SHARPForm_001" time="95.876" errors="1" timestamp="2021-09-06T16:18:28 FJT" skipped="0">
  <testcase classname="parkIndustriesOutSystems.testCases.TC_SHARPForm_001" name="parkAssociateUserLogin" time="4.682"/>
  <system-out/>
  <testcase classname="parkIndustriesOutSystems.testCases.TC_SHARPForm_001" name="clickSHARPForms" time="6.673"/>
  <system-out/>
  <testcase classname="parkIndustriesOutSystems.testCases.TC_SHARPForm_001" name="associateFormsHeader" time="4.310"/>
  <system-out/>
  <testcase classname="parkIndustriesOutSystems.testCases.TC_SHARPForm_001" name="sharpHeader" time="3.067"/>
  <system-out/>
  <testcase classname="parkIndustriesOutSystems.testCases.TC_SHARPForm_001" name="goToSampleLoginHeader" time="3.061"/>
  <system-out/>
  <testcase classname="parkIndustriesOutSystems.testCases.TC_SHARPForm_001" name="sharpFormsDetails1" time="3.085"/>
  <system-out/>
  <testcase classname="parkIndustriesOutSystems.testCases.TC_SHARPForm_001" name="requestListHeader" time="3.061"/>
  <system-out/>
  <testcase classname="parkIndustriesOutSystems.testCases.TC_SHARPForm_001" name="sharpFormHeader" time="3.062"/>
  <system-out/>
  <testcase classname="parkIndustriesOutSystems.testCases.TC_SHARPForm_001" name="sharpFormsDetails2" time="3.405"/>
  <system-out/>
  <testcase classname="parkIndustriesOutSystems.testCases.TC_SHARPForm_001" name="newRequest1" time="3.454"/>
  <system-out/>
  <testcase classname="parkIndustriesOutSystems.testCases.TC_SHARPForm_001" name="newRequest2" time="4.941"/>
  <system-out/>
  <testcase classname="parkIndustriesOutSystems.testCases.TC_SHARPForm_001" name="newRequest3" time="3.064"/>
  <system-out/>
  <testcase classname="parkIndustriesOutSystems.testCases.TC_SHARPForm_001" name="newRequest4" time="3.193"/>
  <system-out/>
  <testcase classname="parkIndustriesOutSystems.testCases.TC_SHARPForm_001" name="newRequest5" time="3.323"/>
  <system-out/>
  <testcase classname="parkIndustriesOutSystems.testCases.TC_SHARPForm_001" name="newRequest6" time="3.211"/>
  <system-out/>
  <testcase classname="parkIndustriesOutSystems.testCases.TC_SHARPForm_001" name="sharpFormDetails1" time="3.314"/>
  <system-out/>
  <testcase classname="parkIndustriesOutSystems.testCases.TC_SHARPForm_001" name="sharpFormDetails2" time="3.070"/>
  <system-out/>
  <testcase classname="parkIndustriesOutSystems.testCases.TC_SHARPForm_001" name="sharpFormDetails3" time="3.097"/>
  <system-out/>
  <testcase classname="parkIndustriesOutSystems.testCases.TC_SHARPForm_001" name="sharpFormDetails4" time="3.493"/>
  <system-out/>
  <testcase classname="parkIndustriesOutSystems.testCases.TC_SHARPForm_001" name="sharpFormDetails5" time="3.100"/>
  <system-out/>
  <testcase classname="parkIndustriesOutSystems.testCases.TC_SHARPForm_001" name="sharpFormDetails6" time="5.348"/>
  <system-out/>
  <testcase classname="parkIndustriesOutSystems.testCases.TC_SHARPForm_001" name="sharpFormDetails7" time="18.862">
    <error message="no such element: Unable to locate element: {&quot;method&quot;:&quot;xpath&quot;,&quot;selector&quot;:&quot;/html/body/div/div/div/div/div/div/div[1]/div/div/div[3]/div/div/div/div/div[2]/div/div/div[1]/div/form/div[3]/div[2]/div/div/div[2]/div/div/div/div[2]/div/div[2]/span&quot;}
  (Session info: chrome=93.0.4577.63)
For documentation on this error, please visit: https://www.seleniumhq.org/exceptions/no_such_element.html
Build info: version: &#039;3.141.59&#039;, revision: &#039;e82be7d358&#039;, time: &#039;2018-11-14T08:17:03&#039;
System info: host: &#039;DESKTOP-A0BPQKA&#039;, ip: &#039;192.168.8.108&#039;, os.name: &#039;Windows 10&#039;, os.arch: &#039;amd64&#039;, os.version: &#039;10.0&#039;, java.version: &#039;16.0.1&#039;
Driver info: org.openqa.selenium.chrome.ChromeDriver
Capabilities {acceptInsecureCerts: false, browserName: chrome, browserVersion: 93.0.4577.63, chrome: {chromedriverVersion: 92.0.4515.43 (8c61b7e2989f2..., userDataDir: C:\Users\karal\AppData\Loca...}, goog:chromeOptions: {debuggerAddress: localhost:65431}, javascriptEnabled: true, networkConnectionEnabled: false, pageLoadStrategy: normal, platform: WINDOWS, platformName: WINDOWS, proxy: Proxy(), setWindowRect: true, strictFileInteractability: false, timeouts: {implicit: 0, pageLoad: 300000, script: 30000}, unhandledPromptBehavior: dismiss and notify, webauthn:extension:credBlob: true, webauthn:extension:largeBlob: true, webauthn:virtualAuthenticators: true}
Session ID: 0d5135a20072c2dcbba149e5306e7d56
*** Element info: {Using=xpath, value=/html/body/div/div/div/div/div/div/div[1]/div/div/div[3]/div/div/div/div/div[2]/div/div/div[1]/div/form/div[3]/div[2]/div/div/div[2]/div/div/div/div[2]/div/div[2]/span}" type="org.openqa.selenium.NoSuchElementException">
      <![CDATA[org.openqa.selenium.NoSuchElementException: no such element: Unable to locate element: {"method":"xpath","selector":"/html/body/div/div/div/div/div/div/div[1]/div/div/div[3]/div/div/div/div/div[2]/div/div/div[1]/div/form/div[3]/div[2]/div/div/div[2]/div/div/div/div[2]/div/div[2]/span"}
  (Session info: chrome=93.0.4577.63)
For documentation on this error, please visit: https://www.seleniumhq.org/exceptions/no_such_element.html
Build info: version: '3.141.59', revision: 'e82be7d358', time: '2018-11-14T08:17:03'
System info: host: 'DESKTOP-A0BPQKA', ip: '192.168.8.108', os.name: 'Windows 10', os.arch: 'amd64', os.version: '10.0', java.version: '16.0.1'
Driver info: org.openqa.selenium.chrome.ChromeDriver
Capabilities {acceptInsecureCerts: false, browserName: chrome, browserVersion: 93.0.4577.63, chrome: {chromedriverVersion: 92.0.4515.43 (8c61b7e2989f2..., userDataDir: C:\Users\karal\AppData\Loca...}, goog:chromeOptions: {debuggerAddress: localhost:65431}, javascriptEnabled: true, networkConnectionEnabled: false, pageLoadStrategy: normal, platform: WINDOWS, platformName: WINDOWS, proxy: Proxy(), setWindowRect: true, strictFileInteractability: false, timeouts: {implicit: 0, pageLoad: 300000, script: 30000}, unhandledPromptBehavior: dismiss and notify, webauthn:extension:credBlob: true, webauthn:extension:largeBlob: true, webauthn:virtualAuthenticators: true}
Session ID: 0d5135a20072c2dcbba149e5306e7d56
*** Element info: {Using=xpath, value=/html/body/div/div/div/div/div/div/div[1]/div/div/div[3]/div/div/div/div/div[2]/div/div/div[1]/div/form/div[3]/div[2]/div/div/div[2]/div/div/div/div[2]/div/div[2]/span}
at java.base/jdk.internal.reflect.NativeConstructorAccessorImpl.newInstance0(Native Method)
at java.base/jdk.internal.reflect.NativeConstructorAccessorImpl.newInstance(NativeConstructorAccessorImpl.java:78)
at java.base/jdk.internal.reflect.DelegatingConstructorAccessorImpl.newInstance(DelegatingConstructorAccessorImpl.java:45)
at java.base/java.lang.reflect.Constructor.newInstanceWithCaller(Constructor.java:499)
at java.base/java.lang.reflect.Constructor.newInstance(Constructor.java:480)
at org.openqa.selenium.remote.http.W3CHttpResponseCodec.createException(W3CHttpResponseCodec.java:187)
at org.openqa.selenium.remote.http.W3CHttpResponseCodec.decode(W3CHttpResponseCodec.java:122)
at org.openqa.selenium.remote.http.W3CHttpResponseCodec.decode(W3CHttpResponseCodec.java:49)
at org.openqa.selenium.remote.HttpCommandExecutor.execute(HttpCommandExecutor.java:158)
at org.openqa.selenium.remote.service.DriverCommandExecutor.execute(DriverCommandExecutor.java:83)
at org.openqa.selenium.remote.RemoteWebDriver.execute(RemoteWebDriver.java:552)
at org.openqa.selenium.remote.RemoteWebDriver.findElement(RemoteWebDriver.java:323)
at org.openqa.selenium.remote.RemoteWebDriver.findElementByXPath(RemoteWebDriver.java:428)
at org.openqa.selenium.By$ByXPath.findElement(By.java:353)
at org.openqa.selenium.remote.RemoteWebDriver.findElement(RemoteWebDriver.java:315)
at org.openqa.selenium.support.pagefactory.DefaultElementLocator.findElement(DefaultElementLocator.java:69)
at org.openqa.selenium.support.pagefactory.internal.LocatingElementHandler.invoke(LocatingElementHandler.java:38)
at jdk.proxy2/jdk.proxy2.$Proxy15.isDisplayed(Unknown Source)
at parkIndustriesOutSystems.pageObjects.SHARPForm.locateAwardOptions(SHARPForm.java:601)
at parkIndustriesOutSystems.testCases.TC_SHARPForm_001.sharpFormDetails7(TC_SHARPForm_001.java:507)
at java.base/jdk.internal.reflect.NativeMethodAccessorImpl.invoke0(Native Method)
at java.base/jdk.internal.reflect.NativeMethodAccessorImpl.invoke(NativeMethodAccessorImpl.java:78)
at java.base/jdk.internal.reflect.DelegatingMethodAccessorImpl.invoke(DelegatingMethodAccessorImpl.java:43)
at java.base/java.lang.reflect.Method.invoke(Method.java:567)
at org.testng.internal.MethodInvocationHelper.invokeMethod(MethodInvocationHelper.java:134)
at org.testng.internal.TestInvoker.invokeMethod(TestInvoker.java:597)
at org.testng.internal.TestInvoker.invokeTestMethod(TestInvoker.java:173)
at org.testng.internal.MethodRunner.runInSequence(MethodRunner.java:46)
at org.testng.internal.TestInvoker$MethodInvocationAgent.invoke(TestInvoker.java:816)
at org.testng.internal.TestInvoker.invokeTestMethods(TestInvoker.java:146)
at org.testng.internal.TestMethodWorker.invokeTestMethods(TestMethodWorker.java:146)
at org.testng.internal.TestMethodWorker.run(TestMethodWorker.java:128)
at java.base/java.util.ArrayList.forEach(ArrayList.java:1511)
at org.testng.TestRunner.privateRun(TestRunner.java:766)
at org.testng.TestRunner.run(TestRunner.java:587)
at org.testng.SuiteRunner.runTest(SuiteRunner.java:384)
at org.testng.SuiteRunner.runSequentially(SuiteRunner.java:378)
at org.testng.SuiteRunner.privateRun(SuiteRunner.java:337)
at org.testng.SuiteRunner.run(SuiteRunner.java:286)
at org.testng.SuiteRunnerWorker.runSuite(SuiteRunnerWorker.java:53)
at org.testng.SuiteRunnerWorker.run(SuiteRunnerWorker.java:96)
at org.testng.TestNG.runSuitesSequentially(TestNG.java:1187)
at org.testng.TestNG.runSuitesLocally(TestNG.java:1109)
at org.testng.TestNG.runSuites(TestNG.java:1039)
at org.testng.TestNG.run(TestNG.java:1007)
at org.testng.remote.AbstractRemoteTestNG.run(AbstractRemoteTestNG.java:115)
at org.testng.remote.RemoteTestNG.initAndRun(RemoteTestNG.java:251)
at org.testng.remote.RemoteTestNG.main(RemoteTestNG.java:77)
]]>
    </error>
  </testcase> <!-- sharpFormDetails7 -->
  <system-out/>
</testsuite> <!-- parkIndustriesOutSystems.testCases.TC_SHARPForm_001 -->
