<?xml version="1.0" encoding="UTF-8"?>
<!-- Generated by org.testng.reporters.JUnitReportReporter -->
<testsuite hostname="DESKTOP-A0BPQKA" failures="0" tests="22" name="parkIndustriesOutSystems.testCases.TC_ParkSupervisorUser_001" time="103.512" errors="0" timestamp="2021-09-24T11:53:15 FJT" skipped="0">
  <testcase classname="parkIndustriesOutSystems.testCases.TC_ParkSupervisorUser_001" name="parkSupervisorUserLogin" time="12.136"/>
  <system-out/>
  <testcase classname="parkIndustriesOutSystems.testCases.TC_ParkSupervisorUser_001" name="parkSupervisorUser" time="7.754"/>
  <system-out/>
  <testcase classname="parkIndustriesOutSystems.testCases.TC_ParkSupervisorUser_001" name="myRequestsHeader" time="2.274"/>
  <system-out/>
  <testcase classname="parkIndustriesOutSystems.testCases.TC_ParkSupervisorUser_001" name="formsHeader" time="0.118"/>
  <system-out/>
  <testcase classname="parkIndustriesOutSystems.testCases.TC_ParkSupervisorUser_001" name="goToSampleLoginHeader" time="0.985"/>
  <system-out/>
  <testcase classname="parkIndustriesOutSystems.testCases.TC_ParkSupervisorUser_001" name="goToForm1" time="14.324"/>
  <system-out/>
  <testcase classname="parkIndustriesOutSystems.testCases.TC_ParkSupervisorUser_001" name="goToForm2" time="13.479"/>
  <system-out/>
  <testcase classname="parkIndustriesOutSystems.testCases.TC_ParkSupervisorUser_001" name="goToForm3" time="13.041"/>
  <system-out/>
  <testcase classname="parkIndustriesOutSystems.testCases.TC_ParkSupervisorUser_001" name="goToForm4" time="13.115"/>
  <system-out/>
  <testcase classname="parkIndustriesOutSystems.testCases.TC_ParkSupervisorUser_001" name="searchBar" time="0.720"/>
  <system-out/>
  <testcase classname="parkIndustriesOutSystems.testCases.TC_ParkSupervisorUser_001" name="allItemsHeader" time="0.057"/>
  <system-out/>
  <testcase classname="parkIndustriesOutSystems.testCases.TC_ParkSupervisorUser_001" name="pendingItemsHeader" time="0.053"/>
  <system-out/>
  <testcase classname="parkIndustriesOutSystems.testCases.TC_ParkSupervisorUser_001" name="doneItemsHeader" time="0.057"/>
  <system-out/>
  <testcase classname="parkIndustriesOutSystems.testCases.TC_ParkSupervisorUser_001" name="exportFunctions1" time="3.945"/>
  <system-out/>
  <testcase classname="parkIndustriesOutSystems.testCases.TC_ParkSupervisorUser_001" name="exportFunctions2" time="3.208"/>
  <system-out/>
  <testcase classname="parkIndustriesOutSystems.testCases.TC_ParkSupervisorUser_001" name="exportFunctions3" time="4.362"/>
  <system-out/>
  <testcase classname="parkIndustriesOutSystems.testCases.TC_ParkSupervisorUser_001" name="exportFunctions4" time="3.100"/>
  <system-out/>
  <testcase classname="parkIndustriesOutSystems.testCases.TC_ParkSupervisorUser_001" name="exportFunctions5" time="3.139"/>
  <system-out/>
  <testcase classname="parkIndustriesOutSystems.testCases.TC_ParkSupervisorUser_001" name="exportFunctions6" time="3.182"/>
  <system-out/>
  <testcase classname="parkIndustriesOutSystems.testCases.TC_ParkSupervisorUser_001" name="activityList" time="3.320"/>
  <system-out/>
  <testcase classname="parkIndustriesOutSystems.testCases.TC_ParkSupervisorUser_001" name="filter" time="1.067"/>
  <system-out/>
  <testcase classname="parkIndustriesOutSystems.testCases.TC_ParkSupervisorUser_001" name="pageMovement" time="0.076"/>
  <system-out/>
</testsuite> <!-- parkIndustriesOutSystems.testCases.TC_ParkSupervisorUser_001 -->
