<?xml version="1.0" encoding="UTF-8"?>
<!-- Generated by org.testng.reporters.JUnitReportReporter -->
<testsuite hostname="DESKTOP-A0BPQKA" failures="0" tests="27" name="parkIndustriesOutSystems.testCases.TC_BootsAndLuggageReimbursementFormRejectAccounting_001" time="128.155" errors="0" timestamp="2021-10-05T23:22:39 FJT" skipped="0">
  <testcase classname="parkIndustriesOutSystems.testCases.TC_BootsAndLuggageReimbursementFormRejectAccounting_001" name="parkAssociateUserLogin" time="8.230"/>
  <system-out/>
  <testcase classname="parkIndustriesOutSystems.testCases.TC_BootsAndLuggageReimbursementFormRejectAccounting_001" name="clickBootsandLuggageReimbursement" time="4.898"/>
  <system-out/>
  <testcase classname="parkIndustriesOutSystems.testCases.TC_BootsAndLuggageReimbursementFormRejectAccounting_001" name="bootsLuggageRequestForm" time="15.604"/>
  <system-out/>
  <testcase classname="parkIndustriesOutSystems.testCases.TC_BootsAndLuggageReimbursementFormRejectAccounting_001" name="enterDetails" time="5.706"/>
  <system-out/>
  <testcase classname="parkIndustriesOutSystems.testCases.TC_BootsAndLuggageReimbursementFormRejectAccounting_001" name="saveSubmit" time="3.040"/>
  <system-out/>
  <testcase classname="parkIndustriesOutSystems.testCases.TC_BootsAndLuggageReimbursementFormRejectAccounting_001" name="bootsLuggageConfirmation" time="3.089"/>
  <system-out/>
  <testcase classname="parkIndustriesOutSystems.testCases.TC_BootsAndLuggageReimbursementFormRejectAccounting_001" name="parkSupervisorLogin" time="6.142"/>
  <system-out/>
  <testcase classname="parkIndustriesOutSystems.testCases.TC_BootsAndLuggageReimbursementFormRejectAccounting_001" name="parkSupervisorApprovalProcess1" time="4.838"/>
  <system-out/>
  <testcase classname="parkIndustriesOutSystems.testCases.TC_BootsAndLuggageReimbursementFormRejectAccounting_001" name="parkSupervisorApprovalProcess2" time="3.095"/>
  <system-out/>
  <testcase classname="parkIndustriesOutSystems.testCases.TC_BootsAndLuggageReimbursementFormRejectAccounting_001" name="parkSupervisorApprovalProcess3" time="3.312"/>
  <system-out/>
  <testcase classname="parkIndustriesOutSystems.testCases.TC_BootsAndLuggageReimbursementFormRejectAccounting_001" name="parkSupervisorApprovalProcess4" time="3.162"/>
  <system-out/>
  <testcase classname="parkIndustriesOutSystems.testCases.TC_BootsAndLuggageReimbursementFormRejectAccounting_001" name="parkSupervisorApprovalProcess5" time="5.205"/>
  <system-out/>
  <testcase classname="parkIndustriesOutSystems.testCases.TC_BootsAndLuggageReimbursementFormRejectAccounting_001" name="hrLogin" time="4.879"/>
  <system-out/>
  <testcase classname="parkIndustriesOutSystems.testCases.TC_BootsAndLuggageReimbursementFormRejectAccounting_001" name="hrDetails1" time="5.643"/>
  <system-out/>
  <testcase classname="parkIndustriesOutSystems.testCases.TC_BootsAndLuggageReimbursementFormRejectAccounting_001" name="hrDetails2" time="3.068"/>
  <system-out/>
  <testcase classname="parkIndustriesOutSystems.testCases.TC_BootsAndLuggageReimbursementFormRejectAccounting_001" name="hrDetails3" time="3.050"/>
  <system-out/>
  <testcase classname="parkIndustriesOutSystems.testCases.TC_BootsAndLuggageReimbursementFormRejectAccounting_001" name="hrConfirmationApproval1" time="3.085"/>
  <system-out/>
  <testcase classname="parkIndustriesOutSystems.testCases.TC_BootsAndLuggageReimbursementFormRejectAccounting_001" name="hrConfirmationApproval2" time="3.120"/>
  <system-out/>
  <testcase classname="parkIndustriesOutSystems.testCases.TC_BootsAndLuggageReimbursementFormRejectAccounting_001" name="hrConfirmationApproval3" time="3.128"/>
  <system-out/>
  <testcase classname="parkIndustriesOutSystems.testCases.TC_BootsAndLuggageReimbursementFormRejectAccounting_001" name="accountingLogin" time="5.326"/>
  <system-out/>
  <testcase classname="parkIndustriesOutSystems.testCases.TC_BootsAndLuggageReimbursementFormRejectAccounting_001" name="accountingDetails1" time="5.366"/>
  <system-out/>
  <testcase classname="parkIndustriesOutSystems.testCases.TC_BootsAndLuggageReimbursementFormRejectAccounting_001" name="accountingDetails2" time="3.162"/>
  <system-out/>
  <testcase classname="parkIndustriesOutSystems.testCases.TC_BootsAndLuggageReimbursementFormRejectAccounting_001" name="accountingDetails3" time="3.031"/>
  <system-out/>
  <testcase classname="parkIndustriesOutSystems.testCases.TC_BootsAndLuggageReimbursementFormRejectAccounting_001" name="accountingDetails4" time="3.115"/>
  <system-out/>
  <testcase classname="parkIndustriesOutSystems.testCases.TC_BootsAndLuggageReimbursementFormRejectAccounting_001" name="accountingDetails5" time="5.581"/>
  <system-out/>
  <testcase classname="parkIndustriesOutSystems.testCases.TC_BootsAndLuggageReimbursementFormRejectAccounting_001" name="hrLogin2" time="4.917"/>
  <system-out/>
  <testcase classname="parkIndustriesOutSystems.testCases.TC_BootsAndLuggageReimbursementFormRejectAccounting_001" name="hrDetails4" time="5.363"/>
  <system-out/>
</testsuite> <!-- parkIndustriesOutSystems.testCases.TC_BootsAndLuggageReimbursementFormRejectAccounting_001 -->
