<?xml version="1.0" encoding="UTF-8"?>
<!-- Generated by org.testng.reporters.JUnitReportReporter -->
<testsuite hostname="DESKTOP-A0BPQKA" failures="0" tests="17" name="parkIndustriesOutSystems.testCases.TC_BootsAndLuggageReimbursementFormRejectHR_001" time="85.853" errors="0" timestamp="2021-10-05T21:33:52 FJT" skipped="0">
  <testcase classname="parkIndustriesOutSystems.testCases.TC_BootsAndLuggageReimbursementFormRejectHR_001" name="parkAssociateUserLogin" time="9.519"/>
  <system-out/>
  <testcase classname="parkIndustriesOutSystems.testCases.TC_BootsAndLuggageReimbursementFormRejectHR_001" name="clickBootsandLuggageReimbursement" time="5.467"/>
  <system-out/>
  <testcase classname="parkIndustriesOutSystems.testCases.TC_BootsAndLuggageReimbursementFormRejectHR_001" name="bootsLuggageRequestForm" time="13.709"/>
  <system-out/>
  <testcase classname="parkIndustriesOutSystems.testCases.TC_BootsAndLuggageReimbursementFormRejectHR_001" name="enterDetails" time="3.994"/>
  <system-out/>
  <testcase classname="parkIndustriesOutSystems.testCases.TC_BootsAndLuggageReimbursementFormRejectHR_001" name="saveSubmit" time="3.048"/>
  <system-out/>
  <testcase classname="parkIndustriesOutSystems.testCases.TC_BootsAndLuggageReimbursementFormRejectHR_001" name="bootsLuggageConfirmation" time="3.090"/>
  <system-out/>
  <testcase classname="parkIndustriesOutSystems.testCases.TC_BootsAndLuggageReimbursementFormRejectHR_001" name="parkSupervisorLogin" time="6.097"/>
  <system-out/>
  <testcase classname="parkIndustriesOutSystems.testCases.TC_BootsAndLuggageReimbursementFormRejectHR_001" name="parkSupervisorApprovalProcess1" time="4.981"/>
  <system-out/>
  <testcase classname="parkIndustriesOutSystems.testCases.TC_BootsAndLuggageReimbursementFormRejectHR_001" name="parkSupervisorApprovalProcess2" time="3.085"/>
  <system-out/>
  <testcase classname="parkIndustriesOutSystems.testCases.TC_BootsAndLuggageReimbursementFormRejectHR_001" name="parkSupervisorApprovalProcess3" time="3.314"/>
  <system-out/>
  <testcase classname="parkIndustriesOutSystems.testCases.TC_BootsAndLuggageReimbursementFormRejectHR_001" name="parkSupervisorApprovalProcess4" time="3.169"/>
  <system-out/>
  <testcase classname="parkIndustriesOutSystems.testCases.TC_BootsAndLuggageReimbursementFormRejectHR_001" name="parkSupervisorApprovalProcess5" time="5.159"/>
  <system-out/>
  <testcase classname="parkIndustriesOutSystems.testCases.TC_BootsAndLuggageReimbursementFormRejectHR_001" name="hrLogin" time="6.368"/>
  <system-out/>
  <testcase classname="parkIndustriesOutSystems.testCases.TC_BootsAndLuggageReimbursementFormRejectHR_001" name="hrDetails1" time="5.476"/>
  <system-out/>
  <testcase classname="parkIndustriesOutSystems.testCases.TC_BootsAndLuggageReimbursementFormRejectHR_001" name="hrRejectionProcess1" time="3.167"/>
  <system-out/>
  <testcase classname="parkIndustriesOutSystems.testCases.TC_BootsAndLuggageReimbursementFormRejectHR_001" name="hrRejectionProcess2" time="3.074"/>
  <system-out/>
  <testcase classname="parkIndustriesOutSystems.testCases.TC_BootsAndLuggageReimbursementFormRejectHR_001" name="hrRejectionProcess3" time="3.136"/>
  <system-out/>
</testsuite> <!-- parkIndustriesOutSystems.testCases.TC_BootsAndLuggageReimbursementFormRejectHR_001 -->
