<?xml version="1.0" encoding="UTF-8"?>
<!-- Generated by org.testng.reporters.JUnitReportReporter -->
<testsuite hostname="DESKTOP-A0BPQKA" failures="0" tests="7" name="parkIndustriesOutSystems.testCases.TC_LoginOutSystems_001" time="44.398" errors="0" timestamp="2021-09-10T01:59:21 FJT" skipped="0">
  <testcase classname="parkIndustriesOutSystems.testCases.TC_LoginOutSystems_001" name="loginPage" time="21.160"/>
  <system-out/>
  <testcase classname="parkIndustriesOutSystems.testCases.TC_LoginOutSystems_001" name="hrPage" time="4.895"/>
  <system-out/>
  <testcase classname="parkIndustriesOutSystems.testCases.TC_LoginOutSystems_001" name="logoutPage" time="7.137"/>
  <system-out/>
  <testcase classname="parkIndustriesOutSystems.testCases.TC_LoginOutSystems_001" name="parkAssociateUserPage" time="2.595"/>
  <system-out/>
  <testcase classname="parkIndustriesOutSystems.testCases.TC_LoginOutSystems_001" name="parkSupervisorUserPage" time="3.447"/>
  <system-out/>
  <testcase classname="parkIndustriesOutSystems.testCases.TC_LoginOutSystems_001" name="humanResourcesUserPage" time="2.435"/>
  <system-out/>
  <testcase classname="parkIndustriesOutSystems.testCases.TC_LoginOutSystems_001" name="accountingUserPage" time="2.729"/>
  <system-out/>
</testsuite> <!-- parkIndustriesOutSystems.testCases.TC_LoginOutSystems_001 -->
