<?xml version="1.0" encoding="UTF-8"?>
<!-- Generated by org.testng.reporters.JUnitReportReporter -->
<testsuite hostname="DESKTOP-A0BPQKA" failures="0" tests="8" name="parkIndustriesOutSystems.testCases.TC_BootsAndLuggageReimbursementForm_002" time="52.463" errors="0" timestamp="2021-09-29T08:26:48 FJT" skipped="0">
  <testcase classname="parkIndustriesOutSystems.testCases.TC_BootsAndLuggageReimbursementForm_002" name="parkAssociateUserLogin" time="22.204"/>
  <system-out/>
  <testcase classname="parkIndustriesOutSystems.testCases.TC_BootsAndLuggageReimbursementForm_002" name="receiptFields9" time="10.909"/>
  <system-out/>
  <testcase classname="parkIndustriesOutSystems.testCases.TC_BootsAndLuggageReimbursementForm_002" name="receiptFields10" time="3.246"/>
  <system-out/>
  <testcase classname="parkIndustriesOutSystems.testCases.TC_BootsAndLuggageReimbursementForm_002" name="receiptFields11" time="3.082"/>
  <system-out/>
  <testcase classname="parkIndustriesOutSystems.testCases.TC_BootsAndLuggageReimbursementForm_002" name="receiptFields12" time="3.123"/>
  <system-out/>
  <testcase classname="parkIndustriesOutSystems.testCases.TC_BootsAndLuggageReimbursementForm_002" name="requestSummary2" time="3.230"/>
  <system-out/>
  <testcase classname="parkIndustriesOutSystems.testCases.TC_BootsAndLuggageReimbursementForm_002" name="saveSubmit" time="3.501"/>
  <system-out/>
  <testcase classname="parkIndustriesOutSystems.testCases.TC_BootsAndLuggageReimbursementForm_002" name="statusUpdate" time="3.168"/>
  <system-out/>
</testsuite> <!-- parkIndustriesOutSystems.testCases.TC_BootsAndLuggageReimbursementForm_002 -->
