<?xml version="1.0" encoding="UTF-8"?>
<!-- Generated by org.testng.reporters.JUnitReportReporter -->
<testsuite hostname="DESKTOP-A0BPQKA" failures="0" tests="17" name="parkIndustriesOutSystems.testCases.TC_ParkAssociateUser_001" time="60.128" errors="0" timestamp="2021-09-28T16:48:04 FJT" skipped="0">
  <testcase classname="parkIndustriesOutSystems.testCases.TC_ParkAssociateUser_001" name="parkAssociateUserLogin" time="10.682"/>
  <system-out/>
  <testcase classname="parkIndustriesOutSystems.testCases.TC_ParkAssociateUser_001" name="parkAssociateUserHeader" time="3.429"/>
  <system-out/>
  <testcase classname="parkIndustriesOutSystems.testCases.TC_ParkAssociateUser_001" name="myRequestsHeader" time="0.975"/>
  <system-out/>
  <testcase classname="parkIndustriesOutSystems.testCases.TC_ParkAssociateUser_001" name="formsHeader" time="0.077"/>
  <system-out/>
  <testcase classname="parkIndustriesOutSystems.testCases.TC_ParkAssociateUser_001" name="goToSampleLoginHeader" time="1.416"/>
  <system-out/>
  <testcase classname="parkIndustriesOutSystems.testCases.TC_ParkAssociateUser_001" name="parkAssociateUserDetails1" time="0.896"/>
  <system-out/>
  <testcase classname="parkIndustriesOutSystems.testCases.TC_ParkAssociateUser_001" name="goToForm1" time="7.907"/>
  <system-out/>
  <testcase classname="parkIndustriesOutSystems.testCases.TC_ParkAssociateUser_001" name="goToForm2" time="8.510"/>
  <system-out/>
  <testcase classname="parkIndustriesOutSystems.testCases.TC_ParkAssociateUser_001" name="goToForm3" time="9.861"/>
  <system-out/>
  <testcase classname="parkIndustriesOutSystems.testCases.TC_ParkAssociateUser_001" name="goToForm4" time="5.262"/>
  <system-out/>
  <testcase classname="parkIndustriesOutSystems.testCases.TC_ParkAssociateUser_001" name="searchBar1" time="6.502"/>
  <system-out/>
  <testcase classname="parkIndustriesOutSystems.testCases.TC_ParkAssociateUser_001" name="searchBar2" time="3.167"/>
  <system-out/>
  <testcase classname="parkIndustriesOutSystems.testCases.TC_ParkAssociateUser_001" name="allItemsHeader" time="0.047"/>
  <system-out/>
  <testcase classname="parkIndustriesOutSystems.testCases.TC_ParkAssociateUser_001" name="activeItemsHeader" time="0.042"/>
  <system-out/>
  <testcase classname="parkIndustriesOutSystems.testCases.TC_ParkAssociateUser_001" name="closedItemsHeader" time="0.041"/>
  <system-out/>
  <testcase classname="parkIndustriesOutSystems.testCases.TC_ParkAssociateUser_001" name="filter" time="1.217"/>
  <system-out/>
  <testcase classname="parkIndustriesOutSystems.testCases.TC_ParkAssociateUser_001" name="pageMovement" time="0.097"/>
  <system-out/>
</testsuite> <!-- parkIndustriesOutSystems.testCases.TC_ParkAssociateUser_001 -->
