<?xml version="1.0" encoding="UTF-8"?>
<!-- Generated by org.testng.reporters.JUnitReportReporter -->
<testsuite hostname="DESKTOP-A0BPQKA" failures="0" tests="24" name="parkIndustriesOutSystems.testCases.TC_HumanResourcesUser_001" time="82.439" errors="0" timestamp="2021-09-28T16:48:04 FJT" skipped="0">
  <testcase classname="parkIndustriesOutSystems.testCases.TC_HumanResourcesUser_001" name="humanResourcesUserLogin" time="8.401"/>
  <system-out/>
  <testcase classname="parkIndustriesOutSystems.testCases.TC_HumanResourcesUser_001" name="humanResourcesUser" time="6.544"/>
  <system-out/>
  <testcase classname="parkIndustriesOutSystems.testCases.TC_HumanResourcesUser_001" name="myRequestsHeader" time="0.901"/>
  <system-out/>
  <testcase classname="parkIndustriesOutSystems.testCases.TC_HumanResourcesUser_001" name="formsHeader" time="0.208"/>
  <system-out/>
  <testcase classname="parkIndustriesOutSystems.testCases.TC_HumanResourcesUser_001" name="goToSampleLoginHeader" time="0.521"/>
  <system-out/>
  <testcase classname="parkIndustriesOutSystems.testCases.TC_HumanResourcesUser_001" name="goToForm1" time="8.012"/>
  <system-out/>
  <testcase classname="parkIndustriesOutSystems.testCases.TC_HumanResourcesUser_001" name="goToForm2" time="8.402"/>
  <system-out/>
  <testcase classname="parkIndustriesOutSystems.testCases.TC_HumanResourcesUser_001" name="goToForm3" time="9.372"/>
  <system-out/>
  <testcase classname="parkIndustriesOutSystems.testCases.TC_HumanResourcesUser_001" name="goToForm4" time="9.442"/>
  <system-out/>
  <testcase classname="parkIndustriesOutSystems.testCases.TC_HumanResourcesUser_001" name="searchBar" time="0.460"/>
  <system-out/>
  <testcase classname="parkIndustriesOutSystems.testCases.TC_HumanResourcesUser_001" name="allItemsHeader" time="0.044"/>
  <system-out/>
  <testcase classname="parkIndustriesOutSystems.testCases.TC_HumanResourcesUser_001" name="pendingItemsHeader" time="0.042"/>
  <system-out/>
  <testcase classname="parkIndustriesOutSystems.testCases.TC_HumanResourcesUser_001" name="doneItemsHeader" time="0.037"/>
  <system-out/>
  <testcase classname="parkIndustriesOutSystems.testCases.TC_HumanResourcesUser_001" name="exportFunctions1" time="3.223"/>
  <system-out/>
  <testcase classname="parkIndustriesOutSystems.testCases.TC_HumanResourcesUser_001" name="exportFunctions2" time="3.179"/>
  <system-out/>
  <testcase classname="parkIndustriesOutSystems.testCases.TC_HumanResourcesUser_001" name="exportFunctions3" time="3.313"/>
  <system-out/>
  <testcase classname="parkIndustriesOutSystems.testCases.TC_HumanResourcesUser_001" name="exportFunctions4" time="3.066"/>
  <system-out/>
  <testcase classname="parkIndustriesOutSystems.testCases.TC_HumanResourcesUser_001" name="exportFunctions5" time="3.112"/>
  <system-out/>
  <testcase classname="parkIndustriesOutSystems.testCases.TC_HumanResourcesUser_001" name="exportFunctions6" time="3.114"/>
  <system-out/>
  <testcase classname="parkIndustriesOutSystems.testCases.TC_HumanResourcesUser_001" name="activityList" time="3.220"/>
  <system-out/>
  <testcase classname="parkIndustriesOutSystems.testCases.TC_HumanResourcesUser_001" name="associates" time="3.881"/>
  <system-out/>
  <testcase classname="parkIndustriesOutSystems.testCases.TC_HumanResourcesUser_001" name="associates2" time="3.154"/>
  <system-out/>
  <testcase classname="parkIndustriesOutSystems.testCases.TC_HumanResourcesUser_001" name="filter" time="0.739"/>
  <system-out/>
  <testcase classname="parkIndustriesOutSystems.testCases.TC_HumanResourcesUser_001" name="pageMovement" time="0.052"/>
  <system-out/>
</testsuite> <!-- parkIndustriesOutSystems.testCases.TC_HumanResourcesUser_001 -->
