<?xml version="1.0" encoding="UTF-8"?>
<!-- Generated by org.testng.reporters.JUnitReportReporter -->
<testsuite hostname="DESKTOP-A0BPQKA" failures="0" tests="17" name="parkIndustriesOutSystems.testCases.TC_ParkAssociateUser_001" time="60.887" errors="0" timestamp="2021-09-23T16:54:05 FJT" skipped="0">
  <testcase classname="parkIndustriesOutSystems.testCases.TC_ParkAssociateUser_001" name="parkAssociateUserLogin" time="9.597"/>
  <system-out/>
  <testcase classname="parkIndustriesOutSystems.testCases.TC_ParkAssociateUser_001" name="parkAssociateUserHeader" time="3.550"/>
  <system-out/>
  <testcase classname="parkIndustriesOutSystems.testCases.TC_ParkAssociateUser_001" name="myRequestsHeader" time="1.581"/>
  <system-out/>
  <testcase classname="parkIndustriesOutSystems.testCases.TC_ParkAssociateUser_001" name="formsHeader" time="0.104"/>
  <system-out/>
  <testcase classname="parkIndustriesOutSystems.testCases.TC_ParkAssociateUser_001" name="goToSampleLoginHeader" time="0.684"/>
  <system-out/>
  <testcase classname="parkIndustriesOutSystems.testCases.TC_ParkAssociateUser_001" name="parkAssociateUserDetails1" time="0.866"/>
  <system-out/>
  <testcase classname="parkIndustriesOutSystems.testCases.TC_ParkAssociateUser_001" name="goToForm1" time="8.623"/>
  <system-out/>
  <testcase classname="parkIndustriesOutSystems.testCases.TC_ParkAssociateUser_001" name="goToForm2" time="8.964"/>
  <system-out/>
  <testcase classname="parkIndustriesOutSystems.testCases.TC_ParkAssociateUser_001" name="goToForm3" time="9.511"/>
  <system-out/>
  <testcase classname="parkIndustriesOutSystems.testCases.TC_ParkAssociateUser_001" name="goToForm4" time="6.043"/>
  <system-out/>
  <testcase classname="parkIndustriesOutSystems.testCases.TC_ParkAssociateUser_001" name="searchBar1" time="6.569"/>
  <system-out/>
  <testcase classname="parkIndustriesOutSystems.testCases.TC_ParkAssociateUser_001" name="searchBar2" time="3.181"/>
  <system-out/>
  <testcase classname="parkIndustriesOutSystems.testCases.TC_ParkAssociateUser_001" name="allItemsHeader" time="0.049"/>
  <system-out/>
  <testcase classname="parkIndustriesOutSystems.testCases.TC_ParkAssociateUser_001" name="activeItemsHeader" time="0.050"/>
  <system-out/>
  <testcase classname="parkIndustriesOutSystems.testCases.TC_ParkAssociateUser_001" name="closedItemsHeader" time="0.048"/>
  <system-out/>
  <testcase classname="parkIndustriesOutSystems.testCases.TC_ParkAssociateUser_001" name="filter" time="1.337"/>
  <system-out/>
  <testcase classname="parkIndustriesOutSystems.testCases.TC_ParkAssociateUser_001" name="pageMovement" time="0.130"/>
  <system-out/>
</testsuite> <!-- parkIndustriesOutSystems.testCases.TC_ParkAssociateUser_001 -->
