<?xml version="1.0" encoding="UTF-8"?>
<!-- Generated by org.testng.reporters.JUnitReportReporter -->
<testsuite hostname="DESKTOP-A0BPQKA" failures="0" tests="24" name="parkIndustriesOutSystems.testCases.TC_AccountingUser_001" time="81.306" errors="0" timestamp="2021-09-28T16:48:04 FJT" skipped="0">
  <testcase classname="parkIndustriesOutSystems.testCases.TC_AccountingUser_001" name="accountingUserLogin" time="8.458"/>
  <system-out/>
  <testcase classname="parkIndustriesOutSystems.testCases.TC_AccountingUser_001" name="accountingUser" time="6.488"/>
  <system-out/>
  <testcase classname="parkIndustriesOutSystems.testCases.TC_AccountingUser_001" name="myRequestsHeader" time="0.914"/>
  <system-out/>
  <testcase classname="parkIndustriesOutSystems.testCases.TC_AccountingUser_001" name="formsHeader" time="0.175"/>
  <system-out/>
  <testcase classname="parkIndustriesOutSystems.testCases.TC_AccountingUser_001" name="goToSampleLoginHeader" time="0.634"/>
  <system-out/>
  <testcase classname="parkIndustriesOutSystems.testCases.TC_AccountingUser_001" name="goToForm1" time="8.257"/>
  <system-out/>
  <testcase classname="parkIndustriesOutSystems.testCases.TC_AccountingUser_001" name="goToForm2" time="8.365"/>
  <system-out/>
  <testcase classname="parkIndustriesOutSystems.testCases.TC_AccountingUser_001" name="goToForm3" time="8.501"/>
  <system-out/>
  <testcase classname="parkIndustriesOutSystems.testCases.TC_AccountingUser_001" name="goToForm4" time="8.885"/>
  <system-out/>
  <testcase classname="parkIndustriesOutSystems.testCases.TC_AccountingUser_001" name="searchBar" time="0.535"/>
  <system-out/>
  <testcase classname="parkIndustriesOutSystems.testCases.TC_AccountingUser_001" name="allItemsHeader" time="0.053"/>
  <system-out/>
  <testcase classname="parkIndustriesOutSystems.testCases.TC_AccountingUser_001" name="pendingItemsHeader" time="0.056"/>
  <system-out/>
  <testcase classname="parkIndustriesOutSystems.testCases.TC_AccountingUser_001" name="doneItemsHeader" time="0.042"/>
  <system-out/>
  <testcase classname="parkIndustriesOutSystems.testCases.TC_AccountingUser_001" name="exportFunctions1" time="3.213"/>
  <system-out/>
  <testcase classname="parkIndustriesOutSystems.testCases.TC_AccountingUser_001" name="exportFunctions2" time="3.164"/>
  <system-out/>
  <testcase classname="parkIndustriesOutSystems.testCases.TC_AccountingUser_001" name="exportFunctions3" time="3.301"/>
  <system-out/>
  <testcase classname="parkIndustriesOutSystems.testCases.TC_AccountingUser_001" name="exportFunctions4" time="3.056"/>
  <system-out/>
  <testcase classname="parkIndustriesOutSystems.testCases.TC_AccountingUser_001" name="exportFunctions5" time="3.101"/>
  <system-out/>
  <testcase classname="parkIndustriesOutSystems.testCases.TC_AccountingUser_001" name="exportFunctions6" time="3.110"/>
  <system-out/>
  <testcase classname="parkIndustriesOutSystems.testCases.TC_AccountingUser_001" name="activityList" time="3.224"/>
  <system-out/>
  <testcase classname="parkIndustriesOutSystems.testCases.TC_AccountingUser_001" name="associates" time="3.862"/>
  <system-out/>
  <testcase classname="parkIndustriesOutSystems.testCases.TC_AccountingUser_001" name="associates2" time="3.139"/>
  <system-out/>
  <testcase classname="parkIndustriesOutSystems.testCases.TC_AccountingUser_001" name="filter" time="0.723"/>
  <system-out/>
  <testcase classname="parkIndustriesOutSystems.testCases.TC_AccountingUser_001" name="pageMovement" time="0.050"/>
  <system-out/>
</testsuite> <!-- parkIndustriesOutSystems.testCases.TC_AccountingUser_001 -->
