<?xml version="1.0" encoding="UTF-8"?>
<!-- Generated by org.testng.reporters.JUnitReportReporter -->
<testsuite hostname="DESKTOP-A0BPQKA" failures="0" tests="24" name="parkIndustriesOutSystems.testCases.TC_HumanResourcesUser_001" time="83.585" errors="0" timestamp="2021-09-27T08:43:53 FJT" skipped="0">
  <testcase classname="parkIndustriesOutSystems.testCases.TC_HumanResourcesUser_001" name="humanResourcesUserLogin" time="8.409"/>
  <system-out/>
  <testcase classname="parkIndustriesOutSystems.testCases.TC_HumanResourcesUser_001" name="humanResourcesUser" time="6.544"/>
  <system-out/>
  <testcase classname="parkIndustriesOutSystems.testCases.TC_HumanResourcesUser_001" name="myRequestsHeader" time="1.067"/>
  <system-out/>
  <testcase classname="parkIndustriesOutSystems.testCases.TC_HumanResourcesUser_001" name="formsHeader" time="0.101"/>
  <system-out/>
  <testcase classname="parkIndustriesOutSystems.testCases.TC_HumanResourcesUser_001" name="goToSampleLoginHeader" time="0.669"/>
  <system-out/>
  <testcase classname="parkIndustriesOutSystems.testCases.TC_HumanResourcesUser_001" name="goToForm1" time="8.380"/>
  <system-out/>
  <testcase classname="parkIndustriesOutSystems.testCases.TC_HumanResourcesUser_001" name="goToForm2" time="8.318"/>
  <system-out/>
  <testcase classname="parkIndustriesOutSystems.testCases.TC_HumanResourcesUser_001" name="goToForm3" time="8.700"/>
  <system-out/>
  <testcase classname="parkIndustriesOutSystems.testCases.TC_HumanResourcesUser_001" name="goToForm4" time="9.478"/>
  <system-out/>
  <testcase classname="parkIndustriesOutSystems.testCases.TC_HumanResourcesUser_001" name="searchBar" time="0.585"/>
  <system-out/>
  <testcase classname="parkIndustriesOutSystems.testCases.TC_HumanResourcesUser_001" name="allItemsHeader" time="0.048"/>
  <system-out/>
  <testcase classname="parkIndustriesOutSystems.testCases.TC_HumanResourcesUser_001" name="pendingItemsHeader" time="0.053"/>
  <system-out/>
  <testcase classname="parkIndustriesOutSystems.testCases.TC_HumanResourcesUser_001" name="doneItemsHeader" time="0.050"/>
  <system-out/>
  <testcase classname="parkIndustriesOutSystems.testCases.TC_HumanResourcesUser_001" name="exportFunctions1" time="3.360"/>
  <system-out/>
  <testcase classname="parkIndustriesOutSystems.testCases.TC_HumanResourcesUser_001" name="exportFunctions2" time="3.187"/>
  <system-out/>
  <testcase classname="parkIndustriesOutSystems.testCases.TC_HumanResourcesUser_001" name="exportFunctions3" time="3.444"/>
  <system-out/>
  <testcase classname="parkIndustriesOutSystems.testCases.TC_HumanResourcesUser_001" name="exportFunctions4" time="3.076"/>
  <system-out/>
  <testcase classname="parkIndustriesOutSystems.testCases.TC_HumanResourcesUser_001" name="exportFunctions5" time="3.156"/>
  <system-out/>
  <testcase classname="parkIndustriesOutSystems.testCases.TC_HumanResourcesUser_001" name="exportFunctions6" time="3.146"/>
  <system-out/>
  <testcase classname="parkIndustriesOutSystems.testCases.TC_HumanResourcesUser_001" name="activityList" time="3.273"/>
  <system-out/>
  <testcase classname="parkIndustriesOutSystems.testCases.TC_HumanResourcesUser_001" name="associates" time="4.217"/>
  <system-out/>
  <testcase classname="parkIndustriesOutSystems.testCases.TC_HumanResourcesUser_001" name="associates2" time="3.168"/>
  <system-out/>
  <testcase classname="parkIndustriesOutSystems.testCases.TC_HumanResourcesUser_001" name="filter" time="1.069"/>
  <system-out/>
  <testcase classname="parkIndustriesOutSystems.testCases.TC_HumanResourcesUser_001" name="pageMovement" time="0.087"/>
  <system-out/>
</testsuite> <!-- parkIndustriesOutSystems.testCases.TC_HumanResourcesUser_001 -->
