<?xml version="1.0" encoding="UTF-8"?>
<!-- Generated by org.testng.reporters.JUnitReportReporter -->
<testsuite hostname="DESKTOP-A0BPQKA" failures="0" tests="22" name="parkIndustriesOutSystems.testCases.TC_ParkSupervisorUser_001" time="77.204" errors="0" timestamp="2021-09-28T16:48:04 FJT" skipped="0">
  <testcase classname="parkIndustriesOutSystems.testCases.TC_ParkSupervisorUser_001" name="parkSupervisorUserLogin" time="8.122"/>
  <system-out/>
  <testcase classname="parkIndustriesOutSystems.testCases.TC_ParkSupervisorUser_001" name="parkSupervisorUser" time="6.530"/>
  <system-out/>
  <testcase classname="parkIndustriesOutSystems.testCases.TC_ParkSupervisorUser_001" name="myRequestsHeader" time="1.410"/>
  <system-out/>
  <testcase classname="parkIndustriesOutSystems.testCases.TC_ParkSupervisorUser_001" name="formsHeader" time="0.213"/>
  <system-out/>
  <testcase classname="parkIndustriesOutSystems.testCases.TC_ParkSupervisorUser_001" name="goToSampleLoginHeader" time="0.603"/>
  <system-out/>
  <testcase classname="parkIndustriesOutSystems.testCases.TC_ParkSupervisorUser_001" name="goToForm1" time="8.386"/>
  <system-out/>
  <testcase classname="parkIndustriesOutSystems.testCases.TC_ParkSupervisorUser_001" name="goToForm2" time="8.779"/>
  <system-out/>
  <testcase classname="parkIndustriesOutSystems.testCases.TC_ParkSupervisorUser_001" name="goToForm3" time="9.321"/>
  <system-out/>
  <testcase classname="parkIndustriesOutSystems.testCases.TC_ParkSupervisorUser_001" name="goToForm4" time="9.909"/>
  <system-out/>
  <testcase classname="parkIndustriesOutSystems.testCases.TC_ParkSupervisorUser_001" name="searchBar" time="0.438"/>
  <system-out/>
  <testcase classname="parkIndustriesOutSystems.testCases.TC_ParkSupervisorUser_001" name="allItemsHeader" time="0.039"/>
  <system-out/>
  <testcase classname="parkIndustriesOutSystems.testCases.TC_ParkSupervisorUser_001" name="pendingItemsHeader" time="0.038"/>
  <system-out/>
  <testcase classname="parkIndustriesOutSystems.testCases.TC_ParkSupervisorUser_001" name="doneItemsHeader" time="0.038"/>
  <system-out/>
  <testcase classname="parkIndustriesOutSystems.testCases.TC_ParkSupervisorUser_001" name="exportFunctions1" time="3.259"/>
  <system-out/>
  <testcase classname="parkIndustriesOutSystems.testCases.TC_ParkSupervisorUser_001" name="exportFunctions2" time="3.145"/>
  <system-out/>
  <testcase classname="parkIndustriesOutSystems.testCases.TC_ParkSupervisorUser_001" name="exportFunctions3" time="3.328"/>
  <system-out/>
  <testcase classname="parkIndustriesOutSystems.testCases.TC_ParkSupervisorUser_001" name="exportFunctions4" time="3.057"/>
  <system-out/>
  <testcase classname="parkIndustriesOutSystems.testCases.TC_ParkSupervisorUser_001" name="exportFunctions5" time="3.103"/>
  <system-out/>
  <testcase classname="parkIndustriesOutSystems.testCases.TC_ParkSupervisorUser_001" name="exportFunctions6" time="3.116"/>
  <system-out/>
  <testcase classname="parkIndustriesOutSystems.testCases.TC_ParkSupervisorUser_001" name="activityList" time="3.231"/>
  <system-out/>
  <testcase classname="parkIndustriesOutSystems.testCases.TC_ParkSupervisorUser_001" name="filter" time="0.650"/>
  <system-out/>
  <testcase classname="parkIndustriesOutSystems.testCases.TC_ParkSupervisorUser_001" name="pageMovement" time="0.489"/>
  <system-out/>
</testsuite> <!-- parkIndustriesOutSystems.testCases.TC_ParkSupervisorUser_001 -->
