<?xml version="1.0" encoding="UTF-8"?>
<!-- Generated by org.testng.reporters.JUnitReportReporter -->
<testsuite hostname="DESKTOP-A0BPQKA" failures="0" tests="13" name="parkIndustriesOutSystems.testCases.TC_BootsAndLuggageReimbursementFormRejectSupervisor_001" time="61.379" errors="0" timestamp="2021-10-03T22:22:21 FJT" skipped="0">
  <testcase classname="parkIndustriesOutSystems.testCases.TC_BootsAndLuggageReimbursementFormRejectSupervisor_001" name="parkAssociateUserLogin" time="9.228"/>
  <system-out/>
  <testcase classname="parkIndustriesOutSystems.testCases.TC_BootsAndLuggageReimbursementFormRejectSupervisor_001" name="clickBootsandLuggageReimbursement" time="4.778"/>
  <system-out/>
  <testcase classname="parkIndustriesOutSystems.testCases.TC_BootsAndLuggageReimbursementFormRejectSupervisor_001" name="bootsLuggageRequestForm" time="11.160"/>
  <system-out/>
  <testcase classname="parkIndustriesOutSystems.testCases.TC_BootsAndLuggageReimbursementFormRejectSupervisor_001" name="enterDetails" time="3.381"/>
  <system-out/>
  <testcase classname="parkIndustriesOutSystems.testCases.TC_BootsAndLuggageReimbursementFormRejectSupervisor_001" name="saveSubmit" time="3.041"/>
  <system-out/>
  <testcase classname="parkIndustriesOutSystems.testCases.TC_BootsAndLuggageReimbursementFormRejectSupervisor_001" name="bootsLuggageConfirmation" time="3.107"/>
  <system-out/>
  <testcase classname="parkIndustriesOutSystems.testCases.TC_BootsAndLuggageReimbursementFormRejectSupervisor_001" name="parkSupervisorLogin" time="6.125"/>
  <system-out/>
  <testcase classname="parkIndustriesOutSystems.testCases.TC_BootsAndLuggageReimbursementFormRejectSupervisor_001" name="parkSupervisorRejectionProcess1" time="5.056"/>
  <system-out/>
  <testcase classname="parkIndustriesOutSystems.testCases.TC_BootsAndLuggageReimbursementFormRejectSupervisor_001" name="parkSupervisorRejectionProcess2" time="3.093"/>
  <system-out/>
  <testcase classname="parkIndustriesOutSystems.testCases.TC_BootsAndLuggageReimbursementFormRejectSupervisor_001" name="parkSupervisorRejectionProcess3" time="3.121"/>
  <system-out/>
  <testcase classname="parkIndustriesOutSystems.testCases.TC_BootsAndLuggageReimbursementFormRejectSupervisor_001" name="parkSupervisorRejectionProcess4" time="3.139"/>
  <system-out/>
  <testcase classname="parkIndustriesOutSystems.testCases.TC_BootsAndLuggageReimbursementFormRejectSupervisor_001" name="parkSupervisorRejectionProcess5" time="3.045"/>
  <system-out/>
  <testcase classname="parkIndustriesOutSystems.testCases.TC_BootsAndLuggageReimbursementFormRejectSupervisor_001" name="parkSupervisorRejectionProcess6" time="3.105"/>
  <system-out/>
</testsuite> <!-- parkIndustriesOutSystems.testCases.TC_BootsAndLuggageReimbursementFormRejectSupervisor_001 -->
