<?xml version="1.0" encoding="UTF-8"?>
<!-- Generated by org.testng.reporters.JUnitReportReporter -->
<testsuite hostname="DESKTOP-A0BPQKA" failures="0" tests="22" name="parkIndustriesOutSystems.testCases.TC_BootsAndLuggageReimbursementFormSkipSupervisor_001" time="104.344" errors="0" timestamp="2021-10-09T21:13:32 FJT" skipped="0">
  <testcase classname="parkIndustriesOutSystems.testCases.TC_BootsAndLuggageReimbursementFormSkipSupervisor_001" name="parkAssociateUserLogin" time="10.820"/>
  <system-out/>
  <testcase classname="parkIndustriesOutSystems.testCases.TC_BootsAndLuggageReimbursementFormSkipSupervisor_001" name="clickBootsandLuggageReimbursement" time="5.098"/>
  <system-out/>
  <testcase classname="parkIndustriesOutSystems.testCases.TC_BootsAndLuggageReimbursementFormSkipSupervisor_001" name="bootsLuggageRequestForm" time="10.812"/>
  <system-out/>
  <testcase classname="parkIndustriesOutSystems.testCases.TC_BootsAndLuggageReimbursementFormSkipSupervisor_001" name="enterDetails" time="3.359"/>
  <system-out/>
  <testcase classname="parkIndustriesOutSystems.testCases.TC_BootsAndLuggageReimbursementFormSkipSupervisor_001" name="saveSubmit" time="3.049"/>
  <system-out/>
  <testcase classname="parkIndustriesOutSystems.testCases.TC_BootsAndLuggageReimbursementFormSkipSupervisor_001" name="bootsLuggageConfirmation" time="3.103"/>
  <system-out/>
  <testcase classname="parkIndustriesOutSystems.testCases.TC_BootsAndLuggageReimbursementFormSkipSupervisor_001" name="hrLogin" time="5.887"/>
  <system-out/>
  <testcase classname="parkIndustriesOutSystems.testCases.TC_BootsAndLuggageReimbursementFormSkipSupervisor_001" name="hrDetails1" time="3.868"/>
  <system-out/>
  <testcase classname="parkIndustriesOutSystems.testCases.TC_BootsAndLuggageReimbursementFormSkipSupervisor_001" name="hrDetails2" time="3.991"/>
  <system-out/>
  <testcase classname="parkIndustriesOutSystems.testCases.TC_BootsAndLuggageReimbursementFormSkipSupervisor_001" name="hrDetails3" time="3.172"/>
  <system-out/>
  <testcase classname="parkIndustriesOutSystems.testCases.TC_BootsAndLuggageReimbursementFormSkipSupervisor_001" name="hrDetails4" time="3.039"/>
  <system-out/>
  <testcase classname="parkIndustriesOutSystems.testCases.TC_BootsAndLuggageReimbursementFormSkipSupervisor_001" name="hrDetails5" time="3.177"/>
  <system-out/>
  <testcase classname="parkIndustriesOutSystems.testCases.TC_BootsAndLuggageReimbursementFormSkipSupervisor_001" name="hrDetails6" time="4.978"/>
  <system-out/>
  <testcase classname="parkIndustriesOutSystems.testCases.TC_BootsAndLuggageReimbursementFormSkipSupervisor_001" name="hrDetails7" time="4.100"/>
  <system-out/>
  <testcase classname="parkIndustriesOutSystems.testCases.TC_BootsAndLuggageReimbursementFormSkipSupervisor_001" name="hrDetails8" time="7.002"/>
  <system-out/>
  <testcase classname="parkIndustriesOutSystems.testCases.TC_BootsAndLuggageReimbursementFormSkipSupervisor_001" name="hrDetails9" time="3.058"/>
  <system-out/>
  <testcase classname="parkIndustriesOutSystems.testCases.TC_BootsAndLuggageReimbursementFormSkipSupervisor_001" name="hrDetails10" time="3.047"/>
  <system-out/>
  <testcase classname="parkIndustriesOutSystems.testCases.TC_BootsAndLuggageReimbursementFormSkipSupervisor_001" name="hrConfirmationApproval1" time="3.089"/>
  <system-out/>
  <testcase classname="parkIndustriesOutSystems.testCases.TC_BootsAndLuggageReimbursementFormSkipSupervisor_001" name="hrConfirmationApproval2" time="3.119"/>
  <system-out/>
  <testcase classname="parkIndustriesOutSystems.testCases.TC_BootsAndLuggageReimbursementFormSkipSupervisor_001" name="hrConfirmationApproval3" time="3.127"/>
  <system-out/>
  <testcase classname="parkIndustriesOutSystems.testCases.TC_BootsAndLuggageReimbursementFormSkipSupervisor_001" name="accountingLogin" time="5.594"/>
  <system-out/>
  <testcase classname="parkIndustriesOutSystems.testCases.TC_BootsAndLuggageReimbursementFormSkipSupervisor_001" name="accountingDetails1" time="7.855"/>
  <system-out/>
</testsuite> <!-- parkIndustriesOutSystems.testCases.TC_BootsAndLuggageReimbursementFormSkipSupervisor_001 -->
